<?xml version="1.0" encoding="UTF-8"?>
<testsuite name="InputDataProcessorTest" tests="3" skipped="0" failures="0" errors="0" timestamp="2022-12-21T16:22:09" hostname="DESKTOP-T9V1KFC" time="0.049">
  <properties/>
  <testcase name="getFileNames()" classname="InputDataProcessorTest" time="0.024"/>
  <testcase name="getItemCart()" classname="InputDataProcessorTest" time="0.006"/>
  <testcase name="getCard()" classname="InputDataProcessorTest" time="0.016"/>
  <system-out><![CDATA[No card found
No card found
]]></system-out>
  <system-err><![CDATA[]]></system-err>
</testsuite>
