<?xml version="1.0" encoding="UTF-8"?>
<testsuite name="ProductTest" tests="10" skipped="0" failures="0" errors="0" timestamp="2022-12-21T16:22:09" hostname="DESKTOP-T9V1KFC" time="0.053">
  <properties/>
  <testcase name="hasDiscount()" classname="ProductTest" time="0.001"/>
  <testcase name="getName()" classname="ProductTest" time="0.003"/>
  <testcase name="getId()" classname="ProductTest" time="0.002"/>
  <testcase name="setId()" classname="ProductTest" time="0.001"/>
  <testcase name="setQuantity()" classname="ProductTest" time="0.004"/>
  <testcase name="setHasDiscount()" classname="ProductTest" time="0.002"/>
  <testcase name="getQuantity()" classname="ProductTest" time="0.001"/>
  <testcase name="setPrice()" classname="ProductTest" time="0.001"/>
  <testcase name="getPrice()" classname="ProductTest" time="0.0"/>
  <testcase name="setName()" classname="ProductTest" time="0.001"/>
  <system-out><![CDATA[]]></system-out>
  <system-err><![CDATA[]]></system-err>
</testsuite>
