<?xml version="1.0" encoding="UTF-8"?>
<testsuite name="ListsTest" tests="5" skipped="0" failures="0" errors="0" timestamp="2022-12-21T16:22:09" hostname="DESKTOP-T9V1KFC" time="0.011">
  <properties/>
  <testcase name="addCard()" classname="ListsTest" time="0.001"/>
  <testcase name="addItem()" classname="ListsTest" time="0.001"/>
  <testcase name="getItemById()" classname="ListsTest" time="0.002"/>
  <testcase name="getItemList()" classname="ListsTest" time="0.001"/>
  <testcase name="getCardList()" classname="ListsTest" time="0.001"/>
  <system-out><![CDATA[]]></system-out>
  <system-err><![CDATA[]]></system-err>
</testsuite>
